::1 - - [08/Feb/2026 13:55:16] "GET /index.html HTTP/1.1" 304 -
::1 - - [08/Feb/2026 13:55:16] "GET /styles.css HTTP/1.1" 304 -
::1 - - [08/Feb/2026 13:55:16] "GET /site-config.js HTTP/1.1" 304 -
::1 - - [08/Feb/2026 13:55:16] "GET /script.js HTTP/1.1" 304 -
::1 - - [08/Feb/2026 13:55:27] "GET /portfolio.html HTTP/1.1" 304 -
::1 - - [08/Feb/2026 13:55:36] "GET /portfolio.html HTTP/1.1" 304 -
::1 - - [08/Feb/2026 13:55:36] "GET /script.js HTTP/1.1" 304 -
::1 - - [08/Feb/2026 13:55:39] "GET /styles.css HTTP/1.1" 304 -
::1 - - [08/Feb/2026 13:55:50] "GET /index.html HTTP/1.1" 304 -
::1 - - [08/Feb/2026 13:58:15] "GET /index.html HTTP/1.1" 200 -
::1 - - [08/Feb/2026 13:58:15] "GET /site-config.js HTTP/1.1" 304 -
::1 - - [08/Feb/2026 13:58:15] "GET /styles.css HTTP/1.1" 304 -
::1 - - [08/Feb/2026 13:58:15] "GET /script.js HTTP/1.1" 304 -
::1 - - [08/Feb/2026 13:58:20] "GET /index.html HTTP/1.1" 304 -
::1 - - [08/Feb/2026 13:58:21] "GET /portfolio.html HTTP/1.1" 304 -
::1 - - [08/Feb/2026 13:58:24] "GET /index.html HTTP/1.1" 304 -
Traceback (most recent call last):
  File "/Library/Developer/CommandLineTools/Library/Frameworks/Python3.framework/Versions/3.9/lib/python3.9/runpy.py", line 197, in _run_module_as_main
    return _run_code(code, main_globals, None,
  File "/Library/Developer/CommandLineTools/Library/Frameworks/Python3.framework/Versions/3.9/lib/python3.9/runpy.py", line 87, in _run_code
    exec(code, run_globals)
  File "/Library/Developer/CommandLineTools/Library/Frameworks/Python3.framework/Versions/3.9/lib/python3.9/http/server.py", line 1297, in <module>
    test(
  File "/Library/Developer/CommandLineTools/Library/Frameworks/Python3.framework/Versions/3.9/lib/python3.9/http/server.py", line 1252, in test
    with ServerClass(addr, HandlerClass) as httpd:
  File "/Library/Developer/CommandLineTools/Library/Frameworks/Python3.framework/Versions/3.9/lib/python3.9/socketserver.py", line 452, in __init__
    self.server_bind()
  File "/Library/Developer/CommandLineTools/Library/Frameworks/Python3.framework/Versions/3.9/lib/python3.9/http/server.py", line 1295, in server_bind
    return super().server_bind()
  File "/Library/Developer/CommandLineTools/Library/Frameworks/Python3.framework/Versions/3.9/lib/python3.9/http/server.py", line 138, in server_bind
    socketserver.TCPServer.server_bind(self)
  File "/Library/Developer/CommandLineTools/Library/Frameworks/Python3.framework/Versions/3.9/lib/python3.9/socketserver.py", line 466, in server_bind
    self.socket.bind(self.server_address)
PermissionError: [Errno 1] Operation not permitted
Traceback (most recent call last):
  File "/Library/Developer/CommandLineTools/Library/Frameworks/Python3.framework/Versions/3.9/lib/python3.9/runpy.py", line 197, in _run_module_as_main
    return _run_code(code, main_globals, None,
  File "/Library/Developer/CommandLineTools/Library/Frameworks/Python3.framework/Versions/3.9/lib/python3.9/runpy.py", line 87, in _run_code
    exec(code, run_globals)
  File "/Library/Developer/CommandLineTools/Library/Frameworks/Python3.framework/Versions/3.9/lib/python3.9/http/server.py", line 1297, in <module>
    test(
  File "/Library/Developer/CommandLineTools/Library/Frameworks/Python3.framework/Versions/3.9/lib/python3.9/http/server.py", line 1252, in test
    with ServerClass(addr, HandlerClass) as httpd:
  File "/Library/Developer/CommandLineTools/Library/Frameworks/Python3.framework/Versions/3.9/lib/python3.9/socketserver.py", line 452, in __init__
    self.server_bind()
  File "/Library/Developer/CommandLineTools/Library/Frameworks/Python3.framework/Versions/3.9/lib/python3.9/http/server.py", line 1295, in server_bind
    return super().server_bind()
  File "/Library/Developer/CommandLineTools/Library/Frameworks/Python3.framework/Versions/3.9/lib/python3.9/http/server.py", line 138, in server_bind
    socketserver.TCPServer.server_bind(self)
  File "/Library/Developer/CommandLineTools/Library/Frameworks/Python3.framework/Versions/3.9/lib/python3.9/socketserver.py", line 466, in server_bind
    self.socket.bind(self.server_address)
OSError: [Errno 48] Address already in use
::1 - - [08/Feb/2026 14:01:03] "GET /portfolio.html HTTP/1.1" 304 -
::1 - - [08/Feb/2026 14:01:03] "GET /styles.css HTTP/1.1" 304 -
::1 - - [08/Feb/2026 14:01:03] "GET /images/logo-secondary.png HTTP/1.1" 304 -
::1 - - [08/Feb/2026 14:01:03] "GET /script.js HTTP/1.1" 304 -
Traceback (most recent call last):
  File "/Library/Developer/CommandLineTools/Library/Frameworks/Python3.framework/Versions/3.9/lib/python3.9/runpy.py", line 197, in _run_module_as_main
    return _run_code(code, main_globals, None,
  File "/Library/Developer/CommandLineTools/Library/Frameworks/Python3.framework/Versions/3.9/lib/python3.9/runpy.py", line 87, in _run_code
    exec(code, run_globals)
  File "/Library/Developer/CommandLineTools/Library/Frameworks/Python3.framework/Versions/3.9/lib/python3.9/http/server.py", line 1297, in <module>
    test(
  File "/Library/Developer/CommandLineTools/Library/Frameworks/Python3.framework/Versions/3.9/lib/python3.9/http/server.py", line 1252, in test
    with ServerClass(addr, HandlerClass) as httpd:
  File "/Library/Developer/CommandLineTools/Library/Frameworks/Python3.framework/Versions/3.9/lib/python3.9/socketserver.py", line 452, in __init__
    self.server_bind()
  File "/Library/Developer/CommandLineTools/Library/Frameworks/Python3.framework/Versions/3.9/lib/python3.9/http/server.py", line 1295, in server_bind
    return super().server_bind()
  File "/Library/Developer/CommandLineTools/Library/Frameworks/Python3.framework/Versions/3.9/lib/python3.9/http/server.py", line 138, in server_bind
    socketserver.TCPServer.server_bind(self)
  File "/Library/Developer/CommandLineTools/Library/Frameworks/Python3.framework/Versions/3.9/lib/python3.9/socketserver.py", line 466, in server_bind
    self.socket.bind(self.server_address)
OSError: [Errno 48] Address already in use
::1 - - [08/Feb/2026 14:01:59] "GET /index.html HTTP/1.1" 304 -
::1 - - [08/Feb/2026 14:01:59] "GET /styles.css HTTP/1.1" 304 -
::1 - - [08/Feb/2026 14:01:59] "GET /site-config.js HTTP/1.1" 304 -
::1 - - [08/Feb/2026 14:01:59] "GET /script.js HTTP/1.1" 304 -
::1 - - [08/Feb/2026 14:02:01] "GET /index.html HTTP/1.1" 304 -
::1 - - [08/Feb/2026 14:03:22] "GET /portfolio.html HTTP/1.1" 304 -
::1 - - [08/Feb/2026 14:03:22] "GET /script.js HTTP/1.1" 304 -
::1 - - [08/Feb/2026 14:03:22] "GET /styles.css HTTP/1.1" 304 -
::1 - - [08/Feb/2026 14:04:29] "GET /portfolio.html HTTP/1.1" 304 -
Traceback (most recent call last):
  File "/Library/Developer/CommandLineTools/Library/Frameworks/Python3.framework/Versions/3.9/lib/python3.9/runpy.py", line 197, in _run_module_as_main
    return _run_code(code, main_globals, None,
  File "/Library/Developer/CommandLineTools/Library/Frameworks/Python3.framework/Versions/3.9/lib/python3.9/runpy.py", line 87, in _run_code
    exec(code, run_globals)
  File "/Library/Developer/CommandLineTools/Library/Frameworks/Python3.framework/Versions/3.9/lib/python3.9/http/server.py", line 1297, in <module>
    test(
  File "/Library/Developer/CommandLineTools/Library/Frameworks/Python3.framework/Versions/3.9/lib/python3.9/http/server.py", line 1252, in test
    with ServerClass(addr, HandlerClass) as httpd:
  File "/Library/Developer/CommandLineTools/Library/Frameworks/Python3.framework/Versions/3.9/lib/python3.9/socketserver.py", line 452, in __init__
    self.server_bind()
  File "/Library/Developer/CommandLineTools/Library/Frameworks/Python3.framework/Versions/3.9/lib/python3.9/http/server.py", line 1295, in server_bind
    return super().server_bind()
  File "/Library/Developer/CommandLineTools/Library/Frameworks/Python3.framework/Versions/3.9/lib/python3.9/http/server.py", line 138, in server_bind
    socketserver.TCPServer.server_bind(self)
  File "/Library/Developer/CommandLineTools/Library/Frameworks/Python3.framework/Versions/3.9/lib/python3.9/socketserver.py", line 466, in server_bind
    self.socket.bind(self.server_address)
OSError: [Errno 48] Address already in use
::1 - - [08/Feb/2026 14:06:48] "GET /portfolio.html HTTP/1.1" 304 -
::1 - - [08/Feb/2026 14:06:48] "GET /styles.css HTTP/1.1" 304 -
::1 - - [08/Feb/2026 14:06:48] "GET /site-config.js HTTP/1.1" 304 -
::1 - - [08/Feb/2026 14:06:48] "GET /script.js HTTP/1.1" 304 -
::1 - - [08/Feb/2026 14:06:49] "GET /portfolio.html HTTP/1.1" 304 -
::1 - - [08/Feb/2026 14:06:57] "GET /index.html HTTP/1.1" 304 -
::1 - - [08/Feb/2026 14:11:56] "GET /portfolio.html HTTP/1.1" 304 -
::1 - - [08/Feb/2026 14:11:56] "GET /site-config.js HTTP/1.1" 304 -
::1 - - [08/Feb/2026 14:11:56] "GET /styles.css HTTP/1.1" 304 -
::1 - - [08/Feb/2026 14:11:56] "GET /images/logo-secondary.png HTTP/1.1" 304 -
::1 - - [08/Feb/2026 14:11:56] "GET /script.js HTTP/1.1" 200 -
::1 - - [08/Feb/2026 14:11:56] "GET /portfolio.html HTTP/1.1" 304 -
Traceback (most recent call last):
  File "/Library/Developer/CommandLineTools/Library/Frameworks/Python3.framework/Versions/3.9/lib/python3.9/runpy.py", line 197, in _run_module_as_main
    return _run_code(code, main_globals, None,
  File "/Library/Developer/CommandLineTools/Library/Frameworks/Python3.framework/Versions/3.9/lib/python3.9/runpy.py", line 87, in _run_code
    exec(code, run_globals)
  File "/Library/Developer/CommandLineTools/Library/Frameworks/Python3.framework/Versions/3.9/lib/python3.9/http/server.py", line 1297, in <module>
    test(
  File "/Library/Developer/CommandLineTools/Library/Frameworks/Python3.framework/Versions/3.9/lib/python3.9/http/server.py", line 1252, in test
    with ServerClass(addr, HandlerClass) as httpd:
  File "/Library/Developer/CommandLineTools/Library/Frameworks/Python3.framework/Versions/3.9/lib/python3.9/socketserver.py", line 452, in __init__
    self.server_bind()
  File "/Library/Developer/CommandLineTools/Library/Frameworks/Python3.framework/Versions/3.9/lib/python3.9/http/server.py", line 1295, in server_bind
    return super().server_bind()
  File "/Library/Developer/CommandLineTools/Library/Frameworks/Python3.framework/Versions/3.9/lib/python3.9/http/server.py", line 138, in server_bind
    socketserver.TCPServer.server_bind(self)
  File "/Library/Developer/CommandLineTools/Library/Frameworks/Python3.framework/Versions/3.9/lib/python3.9/socketserver.py", line 466, in server_bind
    self.socket.bind(self.server_address)
OSError: [Errno 48] Address already in use
::1 - - [08/Feb/2026 14:13:03] "GET /portfolio.html HTTP/1.1" 304 -
::1 - - [08/Feb/2026 14:13:03] "GET /script.js HTTP/1.1" 304 -
::1 - - [08/Feb/2026 14:13:05] "GET /index.html HTTP/1.1" 304 -
Traceback (most recent call last):
  File "/Library/Developer/CommandLineTools/Library/Frameworks/Python3.framework/Versions/3.9/lib/python3.9/runpy.py", line 197, in _run_module_as_main
    return _run_code(code, main_globals, None,
  File "/Library/Developer/CommandLineTools/Library/Frameworks/Python3.framework/Versions/3.9/lib/python3.9/runpy.py", line 87, in _run_code
    exec(code, run_globals)
  File "/Library/Developer/CommandLineTools/Library/Frameworks/Python3.framework/Versions/3.9/lib/python3.9/http/server.py", line 1297, in <module>
    test(
  File "/Library/Developer/CommandLineTools/Library/Frameworks/Python3.framework/Versions/3.9/lib/python3.9/http/server.py", line 1252, in test
    with ServerClass(addr, HandlerClass) as httpd:
  File "/Library/Developer/CommandLineTools/Library/Frameworks/Python3.framework/Versions/3.9/lib/python3.9/socketserver.py", line 452, in __init__
    self.server_bind()
  File "/Library/Developer/CommandLineTools/Library/Frameworks/Python3.framework/Versions/3.9/lib/python3.9/http/server.py", line 1295, in server_bind
    return super().server_bind()
  File "/Library/Developer/CommandLineTools/Library/Frameworks/Python3.framework/Versions/3.9/lib/python3.9/http/server.py", line 138, in server_bind
    socketserver.TCPServer.server_bind(self)
  File "/Library/Developer/CommandLineTools/Library/Frameworks/Python3.framework/Versions/3.9/lib/python3.9/socketserver.py", line 466, in server_bind
    self.socket.bind(self.server_address)
OSError: [Errno 48] Address already in use
::1 - - [08/Feb/2026 14:13:29] "GET /script.js HTTP/1.1" 304 -
Traceback (most recent call last):
  File "/Library/Developer/CommandLineTools/Library/Frameworks/Python3.framework/Versions/3.9/lib/python3.9/runpy.py", line 197, in _run_module_as_main
    return _run_code(code, main_globals, None,
  File "/Library/Developer/CommandLineTools/Library/Frameworks/Python3.framework/Versions/3.9/lib/python3.9/runpy.py", line 87, in _run_code
    exec(code, run_globals)
  File "/Library/Developer/CommandLineTools/Library/Frameworks/Python3.framework/Versions/3.9/lib/python3.9/http/server.py", line 1297, in <module>
    test(
  File "/Library/Developer/CommandLineTools/Library/Frameworks/Python3.framework/Versions/3.9/lib/python3.9/http/server.py", line 1252, in test
    with ServerClass(addr, HandlerClass) as httpd:
  File "/Library/Developer/CommandLineTools/Library/Frameworks/Python3.framework/Versions/3.9/lib/python3.9/socketserver.py", line 452, in __init__
    self.server_bind()
  File "/Library/Developer/CommandLineTools/Library/Frameworks/Python3.framework/Versions/3.9/lib/python3.9/http/server.py", line 1295, in server_bind
    return super().server_bind()
  File "/Library/Developer/CommandLineTools/Library/Frameworks/Python3.framework/Versions/3.9/lib/python3.9/http/server.py", line 138, in server_bind
    socketserver.TCPServer.server_bind(self)
  File "/Library/Developer/CommandLineTools/Library/Frameworks/Python3.framework/Versions/3.9/lib/python3.9/socketserver.py", line 466, in server_bind
    self.socket.bind(self.server_address)
OSError: [Errno 48] Address already in use
Traceback (most recent call last):
  File "/Library/Developer/CommandLineTools/Library/Frameworks/Python3.framework/Versions/3.9/lib/python3.9/runpy.py", line 197, in _run_module_as_main
    return _run_code(code, main_globals, None,
  File "/Library/Developer/CommandLineTools/Library/Frameworks/Python3.framework/Versions/3.9/lib/python3.9/runpy.py", line 87, in _run_code
    exec(code, run_globals)
  File "/Library/Developer/CommandLineTools/Library/Frameworks/Python3.framework/Versions/3.9/lib/python3.9/http/server.py", line 1297, in <module>
    test(
  File "/Library/Developer/CommandLineTools/Library/Frameworks/Python3.framework/Versions/3.9/lib/python3.9/http/server.py", line 1252, in test
    with ServerClass(addr, HandlerClass) as httpd:
  File "/Library/Developer/CommandLineTools/Library/Frameworks/Python3.framework/Versions/3.9/lib/python3.9/socketserver.py", line 452, in __init__
    self.server_bind()
  File "/Library/Developer/CommandLineTools/Library/Frameworks/Python3.framework/Versions/3.9/lib/python3.9/http/server.py", line 1295, in server_bind
    return super().server_bind()
  File "/Library/Developer/CommandLineTools/Library/Frameworks/Python3.framework/Versions/3.9/lib/python3.9/http/server.py", line 138, in server_bind
    socketserver.TCPServer.server_bind(self)
  File "/Library/Developer/CommandLineTools/Library/Frameworks/Python3.framework/Versions/3.9/lib/python3.9/socketserver.py", line 466, in server_bind
    self.socket.bind(self.server_address)
OSError: [Errno 48] Address already in use
::1 - - [08/Feb/2026 14:16:08] "GET /portfolio.html HTTP/1.1" 200 -
::1 - - [08/Feb/2026 14:16:08] "GET /styles.css HTTP/1.1" 200 -
::1 - - [08/Feb/2026 14:16:08] "GET /site-config.js HTTP/1.1" 200 -
::1 - - [08/Feb/2026 14:16:08] "GET /images/logo-secondary.png HTTP/1.1" 200 -
::1 - - [08/Feb/2026 14:16:08] "GET /script.js HTTP/1.1" 200 -
::1 - - [08/Feb/2026 14:16:09] code 404, message File not found
::1 - - [08/Feb/2026 14:16:09] "GET /favicon.ico HTTP/1.1" 404 -
::1 - - [08/Feb/2026 14:16:19] "GET /index.html HTTP/1.1" 304 -
::1 - - [08/Feb/2026 14:16:19] "GET /site-config.js HTTP/1.1" 304 -
::1 - - [08/Feb/2026 14:17:26] "GET /portfolio.html HTTP/1.1" 200 -
::1 - - [08/Feb/2026 14:17:26] "GET /site-config.js HTTP/1.1" 200 -
::1 - - [08/Feb/2026 14:17:26] "GET /styles.css HTTP/1.1" 200 -
::1 - - [08/Feb/2026 14:17:26] "GET /script.js HTTP/1.1" 200 -
::1 - - [08/Feb/2026 14:17:26] "GET /images/logo-secondary.png HTTP/1.1" 200 -
::1 - - [08/Feb/2026 14:17:26] code 404, message File not found
::1 - - [08/Feb/2026 14:17:26] "GET /favicon.ico HTTP/1.1" 404 -
::1 - - [08/Feb/2026 14:17:28] "GET /script.js HTTP/1.1" 304 -
::1 - - [08/Feb/2026 14:17:29] "GET /script.js HTTP/1.1" 304 -
::1 - - [08/Feb/2026 14:17:58] "GET /portfolio.html HTTP/1.1" 200 -
::1 - - [08/Feb/2026 14:17:58] "GET /script.js HTTP/1.1" 200 -
::1 - - [08/Feb/2026 14:17:58] "GET /styles.css HTTP/1.1" 200 -
::1 - - [08/Feb/2026 14:17:58] "GET /images/logo-secondary.png HTTP/1.1" 304 -
::1 - - [08/Feb/2026 14:17:58] "GET /site-config.js HTTP/1.1" 200 -
::1 - - [08/Feb/2026 14:19:54] "GET /portfolio.html HTTP/1.1" 304 -
::1 - - [08/Feb/2026 14:19:54] "GET /site-config.js HTTP/1.1" 304 -
::1 - - [08/Feb/2026 14:19:54] "GET /script.js HTTP/1.1" 304 -
